<?xml version="1.0" encoding="UTF-8"?>
<testsuite xmlns:xsi="http://www.w3.org/2001/XMLSchema-instance" xsi:noNamespaceSchemaLocation="https://maven.apache.org/surefire/maven-surefire-plugin/xsd/surefire-test-report-3.0.xsd" version="3.0" name="com.example.spring_boot_docker.SpringBootDockerApplicationTests" time="6.891" tests="1" errors="0" skipped="0" failures="0">
  <properties>
[...]
</properties>
  <testcase name="contextLoads" classname="com.example.spring_boot_docker.SpringBootDockerApplicationTests" time="1.76">
    <system-out><![CDATA[19:25:27.784 [main] INFO org.springframework.test.context.support.AnnotationConfigContextLoaderUtils -- Could not detect default configuration classes for test class [com.example.spring_boot_docker.SpringBootDockerApplicationTests]: SpringBootDockerApplicationTests does not declare any static, non-private, non-final, nested classes annotated with @Configuration.
19:25:28.250 [main] INFO org.springframework.boot.test.context.SpringBootTestContextBootstrapper -- Found @SpringBootConfiguration com.example.spring_boot_docker.SpringBootDockerApplication for test class com.example.spring_boot_docker.SpringBootDockerApplicationTests

  .   ____          _            __ _ _
 /\\ / ___'_ __ _ _(_)_ __  __ _ \ \ \ \
( ( )\___ | '_ | '_| | '_ \/ _` | \ \ \ \
 \\/  ___)| |_)| | | | | || (_| |  ) ) ) )
  '  |____| .__|_| |_|_| |_\__, | / / / /
 =========|_|==============|___/=/_/_/_/

 :: Spring Boot ::                (v3.3.4)

2024-10-24T19:25:29.907Z  INFO 96976 --- [spring-boot-docker] [           main] c.e.s.SpringBootDockerApplicationTests   : Starting SpringBootDockerApplicationTests using Java 21.0.4 with PID 96976 (started by vscode in /mnt/winuser/CMB696/WSL/springboot-deploy/build/spring-boot-docker)
2024-10-24T19:25:29.909Z  INFO 96976 --- [spring-boot-docker] [           main] c.e.s.SpringBootDockerApplicationTests   : No active profile set, falling back to 1 default profile: "default"
2024-10-24T19:25:32.281Z  INFO 96976 --- [spring-boot-docker] [           main] c.e.s.SpringBootDockerApplicationTests   : Started SpringBootDockerApplicationTests in 3.309 seconds (process running for 5.85)
]]></system-out>
    <system-err><![CDATA[WARNING: A Java agent has been loaded dynamically (/home/vscode/.m2/repository/net/bytebuddy/byte-buddy-agent/1.14.19/byte-buddy-agent-1.14.19.jar)
WARNING: If a serviceability tool is in use, please run with -XX:+EnableDynamicAgentLoading to hide this warning
WARNING: If a serviceability tool is not in use, please run with -Djdk.instrument.traceUsage for more information
WARNING: Dynamic loading of agents will be disallowed by default in a future release
]]></system-err>
  </testcase>
</testsuite>